Using pre-set license

 COMMAND LINE ARGUMENTS:
/Applications/Unity/Hub/Editor/2020.3.11f1/Unity.app/Contents/MacOS/Unity
-adb2
-batchMode
-noUpm
-name
AssetImportWorker0
-projectPath
/Users/sabina/Documents/GitHub/SG150607.github.io-2
-logFile
Logs/AssetImportWorker0.log
-srvPort
50203
Successfully changed project path to: /Users/sabina/Documents/GitHub/SG150607.github.io-2
/Users/sabina/Documents/GitHub/SG150607.github.io-2
Using Asset Import Pipeline V2.
Refreshing native plugins compatible for Editor in 148.85 ms, found 3 plugins.
Preloading 0 native plugins for Editor in 0.00 ms.
Initialize engine version: 2020.3.11f1 (99c7afb366b3)
[Subsystems] Discovering subsystems at path /Applications/Unity/Hub/Editor/2020.3.11f1/Unity.app/Contents/Resources/UnitySubsystems
[Subsystems] Discovering subsystems at path /Users/sabina/Documents/GitHub/SG150607.github.io-2/Assets
GfxDevice: creating device client; threaded=0
2021-07-01 11:30:37.544 Unity[2136:23478] Acer VG240Y preferred device: Intel HD Graphics 4000 (low power)
2021-07-01 11:30:37.544 Unity[2136:23478] Metal devices available: 1
2021-07-01 11:30:37.544 Unity[2136:23478] 0: Intel HD Graphics 4000 (low power)
2021-07-01 11:30:37.546 Unity[2136:23478] Using device Intel HD Graphics 4000 (low power)
Initializing Metal device caps: Intel HD Graphics 4000
Initialize mono
Mono path[0] = '/Applications/Unity/Hub/Editor/2020.3.11f1/Unity.app/Contents/Managed'
Mono path[1] = '/Applications/Unity/Hub/Editor/2020.3.11f1/Unity.app/Contents/MonoBleedingEdge/lib/mono/unityjit'
Mono config path = '/Applications/Unity/Hub/Editor/2020.3.11f1/Unity.app/Contents/MonoBleedingEdge/etc'
Using monoOptions --debugger-agent=transport=dt_socket,embedding=1,server=y,suspend=n,address=127.0.0.1:56136
Begin MonoManager ReloadAssembly
Registering precompiled unity dll's ...
Register platform support module: /Applications/Unity/Hub/Editor/2020.3.11f1/PlaybackEngines/WebGLSupport/UnityEditor.WebGL.Extensions.dll
Register platform support module: /Applications/Unity/Hub/Editor/2020.3.11f1/Unity.app/Contents/PlaybackEngines/MacStandaloneSupport/UnityEditor.OSXStandalone.Extensions.dll
Registered in 0.001431 seconds.
Native extension for OSXStandalone target not found
Native extension for WebGL target not found
Refreshing native plugins compatible for Editor in 150.75 ms, found 3 plugins.
Preloading 0 native plugins for Editor in 0.00 ms.
Mono: successfully reloaded assembly
- Completed reload, in  6.263 seconds
Platform modules already initialized, skipping
Registering precompiled user dll's ...
Registered in 0.027138 seconds.
Begin MonoManager ReloadAssembly
Native extension for OSXStandalone target not found
Native extension for WebGL target not found
Refreshing native plugins compatible for Editor in 130.96 ms, found 3 plugins.
Preloading 0 native plugins for Editor in 0.00 ms.
Mono: successfully reloaded assembly
- Completed reload, in  3.188 seconds
Platform modules already initialized, skipping
========================================================================
Worker process is ready to serve import requests
Launching external process: /Applications/Unity/Hub/Editor/2020.3.11f1/Unity.app/Contents/Tools/UnityShaderCompiler
Launched and connected shader compiler UnityShaderCompiler after 0.02 seconds
Refreshing native plugins compatible for Editor in 0.92 ms, found 3 plugins.
Preloading 0 native plugins for Editor in 0.00 ms.
Unloading 2099 Unused Serialized files (Serialized files now loaded: 0)
System memory in use before: 170.9 MB.
System memory in use after: 171.0 MB.

Unloading 28 unused Assets to reduce memory usage. Loaded Objects now: 2537.
Total: 5.851800 ms (FindLiveObjects: 0.554007 ms CreateObjectMapping: 0.185670 ms MarkObjects: 4.949750 ms  DeleteObjects: 0.159864 ms)

========================================================================
Received Import Request.
  path: Assets/unity_newbullet.png
  artifactKey: Guid(1a8a7785cec9942e98e6d9d5107d2a72) Importer(815301076,1909f56bfc062723c751e8b465ee728b)
Start importing Assets/unity_newbullet.png using Guid(1a8a7785cec9942e98e6d9d5107d2a72) Importer(815301076,1909f56bfc062723c751e8b465ee728b)  -> (artifact id: '3559567cb44c8ab4472873e65eb85eba') in 0.780512 seconds
  Import took 0.786816 seconds .

========================================================================
Received Import Request.
  Time since last request: 0.000547 seconds.
  path: Assets/zombie.prefab
  artifactKey: Guid(022f802a0dcaf4800b788ffcead62045) Importer(815301076,1909f56bfc062723c751e8b465ee728b)
Start importing Assets/zombie.prefab using Guid(022f802a0dcaf4800b788ffcead62045) Importer(815301076,1909f56bfc062723c751e8b465ee728b)  -> (artifact id: 'deae79b3f60398f24b2f0466bbced91b') in 0.443091 seconds
  Import took 0.449221 seconds .

========================================================================
Received Import Request.
  Time since last request: 0.000370 seconds.
  path: Assets/bush.prefab
  artifactKey: Guid(a6df9b245df3340e3b559da488e538d4) Importer(815301076,1909f56bfc062723c751e8b465ee728b)
Start importing Assets/bush.prefab using Guid(a6df9b245df3340e3b559da488e538d4) Importer(815301076,1909f56bfc062723c751e8b465ee728b)  -> (artifact id: '966ae26fcd7001328786f5462fd5531c') in 0.043756 seconds
  Import took 0.052363 seconds .

========================================================================
Received Import Request.
  Time since last request: 0.000362 seconds.
  path: Assets/tree.prefab
  artifactKey: Guid(3ed719750ef9f4c8b85f6e2296268467) Importer(815301076,1909f56bfc062723c751e8b465ee728b)
Start importing Assets/tree.prefab using Guid(3ed719750ef9f4c8b85f6e2296268467) Importer(815301076,1909f56bfc062723c751e8b465ee728b)  -> (artifact id: '7f5661090ce12e742497903daee130ab') in 0.025120 seconds
  Import took 0.031711 seconds .

========================================================================
Received Import Request.
  Time since last request: 0.000458 seconds.
  path: Assets/Scenes/SampleScene.unity
  artifactKey: Guid(2cda990e2423bbf4892e6590ba056729) Importer(815301076,1909f56bfc062723c751e8b465ee728b)
Start importing Assets/Scenes/SampleScene.unity using Guid(2cda990e2423bbf4892e6590ba056729) Importer(815301076,1909f56bfc062723c751e8b465ee728b)  -> (artifact id: '106a0e3817a0f64309e75c1dac5bff37') in 0.013064 seconds
  Import took 0.020482 seconds .

========================================================================
Received Import Request.
  Time since last request: 0.000552 seconds.
  path: Assets/Bullet3.prefab
  artifactKey: Guid(803a3ebe3becd47e6bd0a9776de68341) Importer(815301076,1909f56bfc062723c751e8b465ee728b)
Start importing Assets/Bullet3.prefab using Guid(803a3ebe3becd47e6bd0a9776de68341) Importer(815301076,1909f56bfc062723c751e8b465ee728b)  -> (artifact id: '7de0527b39cd25e46ff3b9c332eac4d6') in 0.037691 seconds
  Import took 0.046444 seconds .

========================================================================
Received Import Request.
  Time since last request: 0.000339 seconds.
  path: Assets/Bullet_box.prefab
  artifactKey: Guid(fd478a712ce59454a9b6d364f1d0d1dc) Importer(815301076,1909f56bfc062723c751e8b465ee728b)
Start importing Assets/Bullet_box.prefab using Guid(fd478a712ce59454a9b6d364f1d0d1dc) Importer(815301076,1909f56bfc062723c751e8b465ee728b)  -> (artifact id: 'd2b8928ff0fb9d1dc5bc8b0b5ee3de93') in 0.033647 seconds
  Import took 0.038698 seconds .

========================================================================
Received Import Request.
  Time since last request: 0.000350 seconds.
  path: Assets/Exploision.prefab
  artifactKey: Guid(dc40ef99b5b0848dbae0bc2faba30b36) Importer(815301076,1909f56bfc062723c751e8b465ee728b)
Start importing Assets/Exploision.prefab using Guid(dc40ef99b5b0848dbae0bc2faba30b36) Importer(815301076,1909f56bfc062723c751e8b465ee728b)  -> (artifact id: '29d96a43cddf1a3e2e73b8fc016d60b2') in 0.060043 seconds
  Import took 0.064922 seconds .

========================================================================
Received Import Request.
  Time since last request: 0.000353 seconds.
  path: Assets/bullet_exploision.png
  artifactKey: Guid(a616c7e7171754e3997c421848abc76a) Importer(815301076,1909f56bfc062723c751e8b465ee728b)
Start importing Assets/bullet_exploision.png using Guid(a616c7e7171754e3997c421848abc76a) Importer(815301076,1909f56bfc062723c751e8b465ee728b)  -> (artifact id: '5bf634336487e8e8819bcd412862df0d') in 0.047353 seconds
  Import took 0.054058 seconds .

========================================================================
Received Import Request.
  Time since last request: 0.000361 seconds.
  path: Assets/unity_zombie_apoc_box.png
  artifactKey: Guid(9640752377d4b414b9afefd999798a7c) Importer(815301076,1909f56bfc062723c751e8b465ee728b)
Start importing Assets/unity_zombie_apoc_box.png using Guid(9640752377d4b414b9afefd999798a7c) Importer(815301076,1909f56bfc062723c751e8b465ee728b)  -> (artifact id: '6764ff04e982b801bef42ac7ad2929ac') in 0.017715 seconds
  Import took 0.025170 seconds .

========================================================================
Received Import Request.
  Time since last request: 3.627930 seconds.
  path: Assets/Scenes/mainMenu.unity
  artifactKey: Guid(195e6eb619a4e43b0a532f70d1faefe6) Importer(815301076,1909f56bfc062723c751e8b465ee728b)
Start importing Assets/Scenes/mainMenu.unity using Guid(195e6eb619a4e43b0a532f70d1faefe6) Importer(815301076,1909f56bfc062723c751e8b465ee728b)  -> (artifact id: 'ee19892707e88ef296dd5200a42cd0f5') in 0.007046 seconds
  Import took 0.015108 seconds .

========================================================================
Received Prepare
Registering precompiled user dll's ...
Registered in 0.012782 seconds.
Begin MonoManager ReloadAssembly
Native extension for OSXStandalone target not found
Native extension for WebGL target not found
Refreshing native plugins compatible for Editor in 0.67 ms, found 3 plugins.
Preloading 0 native plugins for Editor in 0.00 ms.
Mono: successfully reloaded assembly
- Completed reload, in  2.580 seconds
Platform modules already initialized, skipping
Refreshing native plugins compatible for Editor in 0.66 ms, found 3 plugins.
Preloading 0 native plugins for Editor in 0.00 ms.
Unloading 2089 Unused Serialized files (Serialized files now loaded: 0)
System memory in use before: 182.7 MB.
System memory in use after: 182.9 MB.

Unloading 16 unused Assets to reduce memory usage. Loaded Objects now: 2550.
Total: 4.423544 ms (FindLiveObjects: 0.495252 ms CreateObjectMapping: 0.153241 ms MarkObjects: 3.730771 ms  DeleteObjects: 0.040766 ms)

========================================================================
Received Prepare
Refreshing native plugins compatible for Editor in 10.19 ms, found 3 plugins.
Preloading 0 native plugins for Editor in 0.00 ms.
Unloading 14 Unused Serialized files (Serialized files now loaded: 0)
System memory in use before: 141.8 MB.
System memory in use after: 142.0 MB.

Unloading 14 unused Assets to reduce memory usage. Loaded Objects now: 2550.
Total: 3.799072 ms (FindLiveObjects: 0.376077 ms CreateObjectMapping: 0.237033 ms MarkObjects: 3.163177 ms  DeleteObjects: 0.021490 ms)

========================================================================
Received Prepare
Refreshing native plugins compatible for Editor in 5.72 ms, found 3 plugins.
Preloading 0 native plugins for Editor in 0.00 ms.
Unloading 14 Unused Serialized files (Serialized files now loaded: 0)
System memory in use before: 141.8 MB.
System memory in use after: 142.0 MB.

Unloading 14 unused Assets to reduce memory usage. Loaded Objects now: 2550.
Total: 3.051308 ms (FindLiveObjects: 0.283490 ms CreateObjectMapping: 0.091004 ms MarkObjects: 2.651770 ms  DeleteObjects: 0.023718 ms)

========================================================================
Received Prepare
Refreshing native plugins compatible for Editor in 5.28 ms, found 3 plugins.
Preloading 0 native plugins for Editor in 0.00 ms.
Unloading 14 Unused Serialized files (Serialized files now loaded: 0)
System memory in use before: 141.9 MB.
System memory in use after: 142.0 MB.

Unloading 14 unused Assets to reduce memory usage. Loaded Objects now: 2550.
Total: 4.777256 ms (FindLiveObjects: 0.469610 ms CreateObjectMapping: 0.348131 ms MarkObjects: 3.927759 ms  DeleteObjects: 0.029270 ms)

